<?xml version="1.0" encoding="UTF-8"?>
<!-- Generated by org.testng.reporters.JUnitReportReporter -->
<testsuite hostname="LAPTOP-4C1CTOAL" failures="0" tests="3" name="test_Cases.TestRequirementsPage" time="58.475" errors="0" timestamp="2025-01-12T21:56:25 IST" skipped="0">
  <testcase classname="test_Cases.TestRequirementsPage" name="validateAddNewCandiadte" time="19.376"/>
  <system-out/>
  <testcase classname="test_Cases.TestRequirementsPage" name="validateAddNewCandiadte" time="18.837"/>
  <system-out/>
  <testcase classname="test_Cases.TestRequirementsPage" name="validateAddNewCandiadte" time="20.262"/>
  <system-out/>
</testsuite> <!-- test_Cases.TestRequirementsPage -->
