<?xml version="1.0" encoding="UTF-8"?>
<!-- Generated by org.testng.reporters.JUnitReportReporter -->
<testsuite hostname="LAPTOP-4C1CTOAL" failures="0" tests="4" name="test_Cases.SearchPageTest" time="99.268" errors="0" timestamp="2025-01-04T17:18:07 IST" skipped="0">
  <testcase classname="test_Cases.SearchPageTest" name="searchFunctionalityTest" time="24.798"/>
  <system-out>
    <![CDATA[Admin
PIM
Time
Recruitment
My Info
Performance
Maintenance
Claim]]>
  </system-out>
  <testcase classname="test_Cases.SearchPageTest" name="searchFunctionalityTest" time="25.027"/>
  <system-out>
    <![CDATA[Time]]>
  </system-out>
  <testcase classname="test_Cases.SearchPageTest" name="searchFunctionalityTest" time="24.611"/>
  <system-out>
    <![CDATA[Admin]]>
  </system-out>
  <testcase classname="test_Cases.SearchPageTest" name="searchFunctionalityTest" time="24.832"/>
  <system-out/>
</testsuite> <!-- test_Cases.SearchPageTest -->
