<?xml version="1.0" encoding="UTF-8"?>
<!-- Generated by org.testng.reporters.JUnitReportReporter -->
<testsuite hostname="Divyanshus-MacBook-Air.local" failures="0" tests="1" name="test_Cases.TC_Leave_List" time="63.672" errors="0" timestamp="2024-12-27T13:23:20 IST" skipped="0">
  <testcase classname="test_Cases.TC_Leave_List" name="f" time="63.672"/>
  <system-out/>
</testsuite> <!-- test_Cases.TC_Leave_List -->
