<?xml version="1.0" encoding="UTF-8"?>
<!-- Generated by org.testng.reporters.JUnitReportReporter -->
<testsuite hostname="LAPTOP-4C1CTOAL" failures="0" tests="3" name="test_Cases.TestRequirementsPage" time="51.807" errors="0" timestamp="2025-01-05T15:26:52 IST" skipped="0">
  <testcase classname="test_Cases.TestRequirementsPage" name="validateAddNewCandiadte" time="16.731"/>
  <system-out/>
  <testcase classname="test_Cases.TestRequirementsPage" name="validateAddNewCandiadte" time="15.605"/>
  <system-out/>
  <testcase classname="test_Cases.TestRequirementsPage" name="validateAddNewCandiadte" time="19.471"/>
  <system-out/>
</testsuite> <!-- test_Cases.TestRequirementsPage -->
