<?xml version="1.0" encoding="UTF-8"?>
<!-- Generated by org.testng.reporters.JUnitReportReporter -->
<testsuite hostname="LAPTOP-4C1CTOAL" failures="0" tests="1" name="test_Cases.Profile_Name" time="13.203" errors="0" timestamp="2024-11-30T10:12:18 IST" skipped="0">
  <testcase classname="test_Cases.Profile_Name" name="getProfileName" time="13.203"/>
  <system-out/>
</testsuite> <!-- test_Cases.Profile_Name -->
