<?xml version="1.0" encoding="UTF-8"?>
<!-- Generated by org.testng.reporters.JUnitReportReporter -->
<testsuite hostname="LAPTOP-4C1CTOAL" failures="0" tests="8" name="test_Cases.TestLeaveList" time="89.476" errors="0" timestamp="2024-12-01T12:02:29 IST" skipped="5">
  <testcase classname="test_Cases.TestLeaveList" name="verifyCancelLeaveOnleaveRequestDetails" time="37.822"/>
  <system-out>
    <![CDATA[the cance lbutton is visisble]]>
  </system-out>
  <testcase classname="test_Cases.TestLeaveList" name="testPIMInfoPage" time="32.044"/>
  <system-out/>
  <testcase classname="test_Cases.TestLeaveList" name="testCancelLeaveOnleaveListPage" time="19.610"/>
  <system-out/>
  <testcase classname="test_Cases.TestLeaveList" name="verifyCommentsBtnOnleaveRequestDetails">
    <skipped/>
  </testcase> <!-- verifyCommentsBtnOnleaveRequestDetails -->
  <system-out/>
  <testcase classname="test_Cases.TestLeaveList" name="verifyAddCommentOnleaveRequestDetails">
    <skipped/>
  </testcase> <!-- verifyAddCommentOnleaveRequestDetails -->
  <system-out/>
  <testcase classname="test_Cases.TestLeaveList" name="verifyResetDateFilter">
    <skipped/>
  </testcase> <!-- verifyResetDateFilter -->
  <system-out/>
  <testcase classname="test_Cases.TestLeaveList" name="verifyleaveRequestDetails">
    <skipped/>
  </testcase> <!-- verifyleaveRequestDetails -->
  <system-out/>
  <testcase classname="test_Cases.TestLeaveList" name="verifyFilteringLeavesWithEmployeName">
    <skipped/>
  </testcase> <!-- verifyFilteringLeavesWithEmployeName -->
  <system-out/>
</testsuite> <!-- test_Cases.TestLeaveList -->
