<?xml version="1.0" encoding="UTF-8"?>
<!-- Generated by org.testng.reporters.JUnitReportReporter -->
<testsuite hostname="LAPTOP-4C1CTOAL" failures="0" tests="7" name="test_Cases.TestLeaveList" time="25.254" errors="0" timestamp="2024-11-30T11:49:24 IST" skipped="6">
  <testcase classname="test_Cases.TestLeaveList" name="verifyFilteringLeavesWithEmployeName" time="25.254"/>
  <system-out/>
  <testcase classname="test_Cases.TestLeaveList" name="verifyBackClickOnleaveRequestDetails">
    <skipped/>
  </testcase> <!-- verifyBackClickOnleaveRequestDetails -->
  <system-out/>
  <testcase classname="test_Cases.TestLeaveList" name="verifyAddCommentOnleaveRequestDetails">
    <skipped/>
  </testcase> <!-- verifyAddCommentOnleaveRequestDetails -->
  <system-out/>
  <testcase classname="test_Cases.TestLeaveList" name="verifyCancelLeaveOnleaveRequestDetails">
    <skipped/>
  </testcase> <!-- verifyCancelLeaveOnleaveRequestDetails -->
  <system-out/>
  <testcase classname="test_Cases.TestLeaveList" name="verifyResetDateFilter">
    <skipped/>
  </testcase> <!-- verifyResetDateFilter -->
  <system-out/>
  <testcase classname="test_Cases.TestLeaveList" name="verifyleaveRequestDetails">
    <skipped/>
  </testcase> <!-- verifyleaveRequestDetails -->
  <system-out/>
  <testcase classname="test_Cases.TestLeaveList" name="verifyCommentsOnleaveRequestDetails">
    <skipped/>
  </testcase> <!-- verifyCommentsOnleaveRequestDetails -->
  <system-out/>
</testsuite> <!-- test_Cases.TestLeaveList -->
