<?xml version="1.0" encoding="UTF-8"?>
<!-- Generated by org.testng.reporters.JUnitReportReporter -->
<testsuite hostname="Divyanshus-MacBook-Air.local" failures="0" tests="1" name="test_Cases.Profile_Name" time="35.892" errors="0" timestamp="2024-11-19T13:52:38 IST" skipped="0">
  <testcase classname="test_Cases.Profile_Name" name="f" time="35.892"/>
  <system-out/>
</testsuite> <!-- test_Cases.Profile_Name -->
